<?xml version="1.0" encoding="UTF-8"?>
<!-- Generated by org.testng.reporters.JUnitReportReporter -->
<testsuite hostname="LAPTOP-FG1IDA2R" failures="0" tests="1" name="runner.TestRunner" time="51.116" errors="0" timestamp="2025-08-22T09:28:19 ICT" skipped="0">
  <testcase classname="runner.TestRunner" name="runScenario" time="51.116"/>
</testsuite> <!-- runner.TestRunner -->
