<?xml version="1.0" encoding="UTF-8"?>
<!-- Generated by org.testng.reporters.JUnitReportReporter -->
<testsuite hostname="LAPTOP-FG1IDA2R" failures="0" tests="1" name="tests.ElementExplorerTest" time="24.647" errors="0" timestamp="2025-08-22T09:28:20 ICT" skipped="0">
  <testcase classname="tests.ElementExplorerTest" name="exploreForgotPasswordPage" time="24.647"/>
</testsuite> <!-- tests.ElementExplorerTest -->
