<?xml version="1.0" encoding="UTF-8"?>
<!-- Generated by org.testng.reporters.JUnitReportReporter -->
<testsuite hostname="LAPTOP-FG1IDA2R" failures="0" tests="1" name="tests.LoginTest" time="26.390" errors="0" timestamp="2025-08-22T09:28:20 ICT" skipped="0">
  <testcase classname="tests.LoginTest" name="testForgotPasswordFlow" time="26.390"/>
</testsuite> <!-- tests.LoginTest -->
